-------------------------------------------------------------------------------
Test set: finalApi.testRunners.TestRunner
-------------------------------------------------------------------------------
Tests run: 1, Failures: 0, Errors: 1, Skipped: 0, Time elapsed: 0.152 sec <<< FAILURE!
Update project with a unique name and description which includes current date and time(Zeplin API test feature)  Time elapsed: 0.039 sec  <<< ERROR!
io.cucumber.junit.UndefinedStepException: The step 'Ensure that the specific project exists in the Workspace' and 3 other step(s) are undefined.
You can implement these steps using the snippet(s) below:

@Given("Ensure that the specific project exists in the Workspace")
public void ensure_that_the_specific_project_exists_in_the_workspace() {
    // Write code here that turns the phrase above into concrete actions
    throw new io.cucumber.java.PendingException();
}
@When("Change project name and description that includes the current date and time")
public void change_project_name_and_description_that_includes_the_current_date_and_time() {
    // Write code here that turns the phrase above into concrete actions
    throw new io.cucumber.java.PendingException();
}
@When("Verify that project name and description have been successfully updated")
public void verify_that_project_name_and_description_have_been_successfully_updated() {
    // Write code here that turns the phrase above into concrete actions
    throw new io.cucumber.java.PendingException();
}
@Then("Return previous project name with description")
public void return_previous_project_name_with_description() {
    // Write code here that turns the phrase above into concrete actions
    throw new io.cucumber.java.PendingException();
}


