<?xml version="1.0" encoding="UTF-8" ?>
<testsuite tests="1" failures="0" name="finalApi.testRunners.TestRunner" time="0.039" errors="1" skipped="0">
  <properties>
[...]
</properties>
  <testcase classname="Zeplin API test feature" name="Update project with a unique name and description which includes current date and time" time="0.039">
    <error message="The step &apos;Ensure that the specific project exists in the Workspace&apos; and 3 other step(s) are undefined.
You can implement these steps using the snippet(s) below:

@Given(&quot;Ensure that the specific project exists in the Workspace&quot;)
public void ensure_that_the_specific_project_exists_in_the_workspace() {
    // Write code here that turns the phrase above into concrete actions
    throw new io.cucumber.java.PendingException();
}
@When(&quot;Change project name and description that includes the current date and time&quot;)
public void change_project_name_and_description_that_includes_the_current_date_and_time() {
    // Write code here that turns the phrase above into concrete actions
    throw new io.cucumber.java.PendingException();
}
@When(&quot;Verify that project name and description have been successfully updated&quot;)
public void verify_that_project_name_and_description_have_been_successfully_updated() {
    // Write code here that turns the phrase above into concrete actions
    throw new io.cucumber.java.PendingException();
}
@Then(&quot;Return previous project name with description&quot;)
public void return_previous_project_name_with_description() {
    // Write code here that turns the phrase above into concrete actions
    throw new io.cucumber.java.PendingException();
}
" type="io.cucumber.junit.UndefinedStepException">io.cucumber.junit.UndefinedStepException: The step &apos;Ensure that the specific project exists in the Workspace&apos; and 3 other step(s) are undefined.
You can implement these steps using the snippet(s) below:

@Given(&quot;Ensure that the specific project exists in the Workspace&quot;)
public void ensure_that_the_specific_project_exists_in_the_workspace() {
    // Write code here that turns the phrase above into concrete actions
    throw new io.cucumber.java.PendingException();
}
@When(&quot;Change project name and description that includes the current date and time&quot;)
public void change_project_name_and_description_that_includes_the_current_date_and_time() {
    // Write code here that turns the phrase above into concrete actions
    throw new io.cucumber.java.PendingException();
}
@When(&quot;Verify that project name and description have been successfully updated&quot;)
public void verify_that_project_name_and_description_have_been_successfully_updated() {
    // Write code here that turns the phrase above into concrete actions
    throw new io.cucumber.java.PendingException();
}
@Then(&quot;Return previous project name with description&quot;)
public void return_previous_project_name_with_description() {
    // Write code here that turns the phrase above into concrete actions
    throw new io.cucumber.java.PendingException();
}

</error>
    <system-out>
@Zeplin @UpdateProject(PositiveScenario)
Scenario: Update project with a unique name and description which includes current date and time &amp;#27;[90m# src/test/resources/features/ZeplinFeature.feature:7&amp;#27;[0m
  &amp;#27;[33mGiven &amp;#27;[0m&amp;#27;[33mEnsure that the specific project exists in the Workspace&amp;#27;[0m
  &amp;#27;[36mWhen &amp;#27;[0m&amp;#27;[36mChange project name and description that includes the current date and time&amp;#27;[0m
  &amp;#27;[36mAnd &amp;#27;[0m&amp;#27;[36mVerify that project name and description have been successfully updated&amp;#27;[0m
  &amp;#27;[36mThen &amp;#27;[0m&amp;#27;[36mReturn previous project name with description&amp;#27;[0m
</system-out>
  </testcase>
</testsuite>